<?xml version="1.0" encoding="UTF-8"?>
<testsuite xmlns:xsi="http://www.w3.org/2001/XMLSchema-instance" xsi:noNamespaceSchemaLocation="https://maven.apache.org/surefire/maven-surefire-plugin/xsd/surefire-test-report.xsd" name="com.tondeuse.domaine.service.PreparateurMouvementsTondeusesTest" time="0.018" tests="3" errors="0" skipped="0" failures="0">
  <properties>
    <property name="java.specification.version" value="17"/>
    <property name="sun.cpu.isalist" value="amd64"/>
    <property name="sun.jnu.encoding" value="Cp1252"/>
    <property name="java.class.path" value="C:\Users\ksour\workspace\tondeuse\target\test-classes;C:\Users\ksour\workspace\tondeuse\target\classes;C:\Users\ksour\maven\org\springframework\boot\spring-boot-starter\2.6.1\spring-boot-starter-2.6.1.jar;C:\Users\ksour\maven\org\springframework\boot\spring-boot\2.6.1\spring-boot-2.6.1.jar;C:\Users\ksour\maven\org\springframework\spring-context\5.3.13\spring-context-5.3.13.jar;C:\Users\ksour\maven\org\springframework\spring-aop\5.3.13\spring-aop-5.3.13.jar;C:\Users\ksour\maven\org\springframework\spring-beans\5.3.13\spring-beans-5.3.13.jar;C:\Users\ksour\maven\org\springframework\spring-expression\5.3.13\spring-expression-5.3.13.jar;C:\Users\ksour\maven\org\springframework\boot\spring-boot-autoconfigure\2.6.1\spring-boot-autoconfigure-2.6.1.jar;C:\Users\ksour\maven\org\springframework\boot\spring-boot-starter-logging\2.6.1\spring-boot-starter-logging-2.6.1.jar;C:\Users\ksour\maven\ch\qos\logback\logback-classic\1.2.7\logback-classic-1.2.7.jar;C:\Users\ksour\maven\ch\qos\logback\logback-core\1.2.7\logback-core-1.2.7.jar;C:\Users\ksour\maven\org\apache\logging\log4j\log4j-to-slf4j\2.14.1\log4j-to-slf4j-2.14.1.jar;C:\Users\ksour\maven\org\apache\logging\log4j\log4j-api\2.14.1\log4j-api-2.14.1.jar;C:\Users\ksour\maven\org\slf4j\jul-to-slf4j\1.7.32\jul-to-slf4j-1.7.32.jar;C:\Users\ksour\maven\jakarta\annotation\jakarta.annotation-api\1.3.5\jakarta.annotation-api-1.3.5.jar;C:\Users\ksour\maven\org\springframework\spring-core\5.3.13\spring-core-5.3.13.jar;C:\Users\ksour\maven\org\springframework\spring-jcl\5.3.13\spring-jcl-5.3.13.jar;C:\Users\ksour\maven\org\yaml\snakeyaml\1.29\snakeyaml-1.29.jar;C:\Users\ksour\maven\org\springframework\boot\spring-boot-starter-test\2.6.1\spring-boot-starter-test-2.6.1.jar;C:\Users\ksour\maven\org\springframework\boot\spring-boot-test\2.6.1\spring-boot-test-2.6.1.jar;C:\Users\ksour\maven\org\springframework\boot\spring-boot-test-autoconfigure\2.6.1\spring-boot-test-autoconfigure-2.6.1.jar;C:\Users\ksour\maven\com\jayway\jsonpath\json-path\2.6.0\json-path-2.6.0.jar;C:\Users\ksour\maven\net\minidev\json-smart\2.4.7\json-smart-2.4.7.jar;C:\Users\ksour\maven\net\minidev\accessors-smart\2.4.7\accessors-smart-2.4.7.jar;C:\Users\ksour\maven\org\ow2\asm\asm\9.1\asm-9.1.jar;C:\Users\ksour\maven\org\slf4j\slf4j-api\1.7.32\slf4j-api-1.7.32.jar;C:\Users\ksour\maven\jakarta\xml\bind\jakarta.xml.bind-api\2.3.3\jakarta.xml.bind-api-2.3.3.jar;C:\Users\ksour\maven\jakarta\activation\jakarta.activation-api\1.2.2\jakarta.activation-api-1.2.2.jar;C:\Users\ksour\maven\org\assertj\assertj-core\3.21.0\assertj-core-3.21.0.jar;C:\Users\ksour\maven\org\hamcrest\hamcrest\2.2\hamcrest-2.2.jar;C:\Users\ksour\maven\org\junit\jupiter\junit-jupiter\5.8.2\junit-jupiter-5.8.2.jar;C:\Users\ksour\maven\org\junit\jupiter\junit-jupiter-api\5.8.2\junit-jupiter-api-5.8.2.jar;C:\Users\ksour\maven\org\opentest4j\opentest4j\1.2.0\opentest4j-1.2.0.jar;C:\Users\ksour\maven\org\junit\platform\junit-platform-commons\1.8.2\junit-platform-commons-1.8.2.jar;C:\Users\ksour\maven\org\apiguardian\apiguardian-api\1.1.2\apiguardian-api-1.1.2.jar;C:\Users\ksour\maven\org\junit\jupiter\junit-jupiter-params\5.8.2\junit-jupiter-params-5.8.2.jar;C:\Users\ksour\maven\org\junit\jupiter\junit-jupiter-engine\5.8.2\junit-jupiter-engine-5.8.2.jar;C:\Users\ksour\maven\org\junit\platform\junit-platform-engine\1.8.2\junit-platform-engine-1.8.2.jar;C:\Users\ksour\maven\org\mockito\mockito-core\4.0.0\mockito-core-4.0.0.jar;C:\Users\ksour\maven\net\bytebuddy\byte-buddy\1.11.22\byte-buddy-1.11.22.jar;C:\Users\ksour\maven\net\bytebuddy\byte-buddy-agent\1.11.22\byte-buddy-agent-1.11.22.jar;C:\Users\ksour\maven\org\objenesis\objenesis\3.2\objenesis-3.2.jar;C:\Users\ksour\maven\org\mockito\mockito-junit-jupiter\4.0.0\mockito-junit-jupiter-4.0.0.jar;C:\Users\ksour\maven\org\skyscreamer\jsonassert\1.5.0\jsonassert-1.5.0.jar;C:\Users\ksour\maven\com\vaadin\external\google\android-json\0.0.20131108.vaadin1\android-json-0.0.20131108.vaadin1.jar;C:\Users\ksour\maven\org\springframework\spring-test\5.3.13\spring-test-5.3.13.jar;C:\Users\ksour\maven\org\xmlunit\xmlunit-core\2.8.3\xmlunit-core-2.8.3.jar;C:\Users\ksour\maven\org\projectlombok\lombok\1.18.30\lombok-1.18.30.jar;"/>
    <property name="java.vm.vendor" value="Oracle Corporation"/>
    <property name="sun.arch.data.model" value="64"/>
    <property name="user.variant" value=""/>
    <property name="java.vendor.url" value="https://java.oracle.com/"/>
    <property name="user.timezone" value="Europe/Paris"/>
    <property name="os.name" value="Windows 10"/>
    <property name="java.vm.specification.version" value="17"/>
    <property name="sun.java.launcher" value="SUN_STANDARD"/>
    <property name="user.country" value="FR"/>
    <property name="sun.boot.library.path" value="C:\tools\jdk-17.0.9\bin"/>
    <property name="sun.java.command" value="C:\Users\ksour\AppData\Local\Temp\surefire8742407897275375309\surefirebooter15511237908706141637.jar C:\Users\ksour\AppData\Local\Temp\surefire8742407897275375309 2024-01-16T17-27-16_769-jvmRun1 surefire14077062105484446840tmp surefire_018160799641296052400tmp"/>
    <property name="jdk.debug" value="release"/>
    <property name="surefire.test.class.path" value="C:\Users\ksour\workspace\tondeuse\target\test-classes;C:\Users\ksour\workspace\tondeuse\target\classes;C:\Users\ksour\maven\org\springframework\boot\spring-boot-starter\2.6.1\spring-boot-starter-2.6.1.jar;C:\Users\ksour\maven\org\springframework\boot\spring-boot\2.6.1\spring-boot-2.6.1.jar;C:\Users\ksour\maven\org\springframework\spring-context\5.3.13\spring-context-5.3.13.jar;C:\Users\ksour\maven\org\springframework\spring-aop\5.3.13\spring-aop-5.3.13.jar;C:\Users\ksour\maven\org\springframework\spring-beans\5.3.13\spring-beans-5.3.13.jar;C:\Users\ksour\maven\org\springframework\spring-expression\5.3.13\spring-expression-5.3.13.jar;C:\Users\ksour\maven\org\springframework\boot\spring-boot-autoconfigure\2.6.1\spring-boot-autoconfigure-2.6.1.jar;C:\Users\ksour\maven\org\springframework\boot\spring-boot-starter-logging\2.6.1\spring-boot-starter-logging-2.6.1.jar;C:\Users\ksour\maven\ch\qos\logback\logback-classic\1.2.7\logback-classic-1.2.7.jar;C:\Users\ksour\maven\ch\qos\logback\logback-core\1.2.7\logback-core-1.2.7.jar;C:\Users\ksour\maven\org\apache\logging\log4j\log4j-to-slf4j\2.14.1\log4j-to-slf4j-2.14.1.jar;C:\Users\ksour\maven\org\apache\logging\log4j\log4j-api\2.14.1\log4j-api-2.14.1.jar;C:\Users\ksour\maven\org\slf4j\jul-to-slf4j\1.7.32\jul-to-slf4j-1.7.32.jar;C:\Users\ksour\maven\jakarta\annotation\jakarta.annotation-api\1.3.5\jakarta.annotation-api-1.3.5.jar;C:\Users\ksour\maven\org\springframework\spring-core\5.3.13\spring-core-5.3.13.jar;C:\Users\ksour\maven\org\springframework\spring-jcl\5.3.13\spring-jcl-5.3.13.jar;C:\Users\ksour\maven\org\yaml\snakeyaml\1.29\snakeyaml-1.29.jar;C:\Users\ksour\maven\org\springframework\boot\spring-boot-starter-test\2.6.1\spring-boot-starter-test-2.6.1.jar;C:\Users\ksour\maven\org\springframework\boot\spring-boot-test\2.6.1\spring-boot-test-2.6.1.jar;C:\Users\ksour\maven\org\springframework\boot\spring-boot-test-autoconfigure\2.6.1\spring-boot-test-autoconfigure-2.6.1.jar;C:\Users\ksour\maven\com\jayway\jsonpath\json-path\2.6.0\json-path-2.6.0.jar;C:\Users\ksour\maven\net\minidev\json-smart\2.4.7\json-smart-2.4.7.jar;C:\Users\ksour\maven\net\minidev\accessors-smart\2.4.7\accessors-smart-2.4.7.jar;C:\Users\ksour\maven\org\ow2\asm\asm\9.1\asm-9.1.jar;C:\Users\ksour\maven\org\slf4j\slf4j-api\1.7.32\slf4j-api-1.7.32.jar;C:\Users\ksour\maven\jakarta\xml\bind\jakarta.xml.bind-api\2.3.3\jakarta.xml.bind-api-2.3.3.jar;C:\Users\ksour\maven\jakarta\activation\jakarta.activation-api\1.2.2\jakarta.activation-api-1.2.2.jar;C:\Users\ksour\maven\org\assertj\assertj-core\3.21.0\assertj-core-3.21.0.jar;C:\Users\ksour\maven\org\hamcrest\hamcrest\2.2\hamcrest-2.2.jar;C:\Users\ksour\maven\org\junit\jupiter\junit-jupiter\5.8.2\junit-jupiter-5.8.2.jar;C:\Users\ksour\maven\org\junit\jupiter\junit-jupiter-api\5.8.2\junit-jupiter-api-5.8.2.jar;C:\Users\ksour\maven\org\opentest4j\opentest4j\1.2.0\opentest4j-1.2.0.jar;C:\Users\ksour\maven\org\junit\platform\junit-platform-commons\1.8.2\junit-platform-commons-1.8.2.jar;C:\Users\ksour\maven\org\apiguardian\apiguardian-api\1.1.2\apiguardian-api-1.1.2.jar;C:\Users\ksour\maven\org\junit\jupiter\junit-jupiter-params\5.8.2\junit-jupiter-params-5.8.2.jar;C:\Users\ksour\maven\org\junit\jupiter\junit-jupiter-engine\5.8.2\junit-jupiter-engine-5.8.2.jar;C:\Users\ksour\maven\org\junit\platform\junit-platform-engine\1.8.2\junit-platform-engine-1.8.2.jar;C:\Users\ksour\maven\org\mockito\mockito-core\4.0.0\mockito-core-4.0.0.jar;C:\Users\ksour\maven\net\bytebuddy\byte-buddy\1.11.22\byte-buddy-1.11.22.jar;C:\Users\ksour\maven\net\bytebuddy\byte-buddy-agent\1.11.22\byte-buddy-agent-1.11.22.jar;C:\Users\ksour\maven\org\objenesis\objenesis\3.2\objenesis-3.2.jar;C:\Users\ksour\maven\org\mockito\mockito-junit-jupiter\4.0.0\mockito-junit-jupiter-4.0.0.jar;C:\Users\ksour\maven\org\skyscreamer\jsonassert\1.5.0\jsonassert-1.5.0.jar;C:\Users\ksour\maven\com\vaadin\external\google\android-json\0.0.20131108.vaadin1\android-json-0.0.20131108.vaadin1.jar;C:\Users\ksour\maven\org\springframework\spring-test\5.3.13\spring-test-5.3.13.jar;C:\Users\ksour\maven\org\xmlunit\xmlunit-core\2.8.3\xmlunit-core-2.8.3.jar;C:\Users\ksour\maven\org\projectlombok\lombok\1.18.30\lombok-1.18.30.jar;"/>
    <property name="sun.cpu.endian" value="little"/>
    <property name="user.home" value="C:\Users\ksour"/>
    <property name="user.language" value="fr"/>
    <property name="java.specification.vendor" value="Oracle Corporation"/>
    <property name="java.version.date" value="2023-10-17"/>
    <property name="java.home" value="C:\tools\jdk-17.0.9"/>
    <property name="file.separator" value="\"/>
    <property name="basedir" value="C:\Users\ksour\workspace\tondeuse"/>
    <property name="java.vm.compressedOopsMode" value="Zero based"/>
    <property name="line.separator" value="&#10;"/>
    <property name="java.vm.specification.vendor" value="Oracle Corporation"/>
    <property name="java.specification.name" value="Java Platform API Specification"/>
    <property name="surefire.real.class.path" value="C:\Users\ksour\AppData\Local\Temp\surefire8742407897275375309\surefirebooter15511237908706141637.jar"/>
    <property name="user.script" value=""/>
    <property name="sun.management.compiler" value="HotSpot 64-Bit Tiered Compilers"/>
    <property name="java.runtime.version" value="17.0.9+11-LTS-201"/>
    <property name="user.name" value="ksour"/>
    <property name="path.separator" value=";"/>
    <property name="os.version" value="10.0"/>
    <property name="java.runtime.name" value="Java(TM) SE Runtime Environment"/>
    <property name="file.encoding" value="Cp1252"/>
    <property name="java.vm.name" value="Java HotSpot(TM) 64-Bit Server VM"/>
    <property name="localRepository" value="C:\Users\ksour\maven"/>
    <property name="java.vendor.url.bug" value="https://bugreport.java.com/bugreport/"/>
    <property name="java.io.tmpdir" value="C:\Users\ksour\AppData\Local\Temp\"/>
    <property name="idea.version" value="2023.2.5"/>
    <property name="java.version" value="17.0.9"/>
    <property name="user.dir" value="C:\Users\ksour\workspace\tondeuse"/>
    <property name="os.arch" value="amd64"/>
    <property name="java.vm.specification.name" value="Java Virtual Machine Specification"/>
    <property name="sun.os.patch.level" value=""/>
    <property name="native.encoding" value="Cp1252"/>
    <property name="java.library.path" value="C:\tools\jdk-17.0.9\bin;C:\WINDOWS\Sun\Java\bin;C:\WINDOWS\system32;C:\WINDOWS;C:\Python310\Scripts\;C:\Python310\;C:\Program Files (x86)\Intel\Intel(R) Management Engine Components\iCLS\;C:\Program Files\Intel\Intel(R) Management Engine Components\iCLS\;C:\Windows\system32;C:\Windows;C:\Windows\System32\Wbem;C:\Windows\System32\WindowsPowerShell\v1.0\;C:\Windows\System32\OpenSSH\;C:\Program Files (x86)\Intel\Intel(R) Management Engine Components\DAL;C:\Program Files\Intel\Intel(R) Management Engine Components\DAL;C:\Program Files (x86)\NVIDIA Corporation\PhysX\Common;C:\Program Files\Intel\WiFi\bin\;C:\Program Files\Common Files\Intel\WirelessCommon\;C:\WINDOWS\system32;C:\WINDOWS;C:\WINDOWS\System32\Wbem;C:\WINDOWS\System32\WindowsPowerShell\v1.0\;C:\WINDOWS\System32\OpenSSH\;C:\Program Files\Git\cmd;C:\Program Files\Amazon\AWSCLIV2\;C:\Program Files\nodejs\;C:\ProgramData\chocolatey\bin;%JAVA_HOME17%\bin;C:\Users\ksour\AppData\Local\Microsoft\WindowsApps;C:\tools\jdk-17.0.9\bin;C:\Program Files\apache-maven-3.6.0\bin;C:\Users\ksour\AppData\Roaming\npm;;."/>
    <property name="java.vm.info" value="mixed mode, sharing"/>
    <property name="java.vendor" value="Oracle Corporation"/>
    <property name="java.vm.version" value="17.0.9+11-LTS-201"/>
    <property name="sun.io.unicode.encoding" value="UnicodeLittle"/>
    <property name="maven.repo.local" value="C:\Users\ksour\maven"/>
    <property name="java.class.version" value="61.0"/>
  </properties>
  <testcase name="testEchecPelouseRecupererMvtsTondeuses" classname="com.tondeuse.domaine.service.PreparateurMouvementsTondeusesTest" time="0.004"/>
  <testcase name="testRecupererMvtsTondeuses" classname="com.tondeuse.domaine.service.PreparateurMouvementsTondeusesTest" time="0.002"/>
  <testcase name="testEchecTondeuseRecupererMvtsTondeuses" classname="com.tondeuse.domaine.service.PreparateurMouvementsTondeusesTest" time="0.003"/>
</testsuite>